Fri Dec 23 00:33:24 MSK 2016 : Apache Derby Network Server - 10.11.1.2 - (1629631) started and ready to accept connections on port 1527
----------------------------------------------------------------
Fri Dec 23 00:33:45 MSK 2016:
Booting Derby version The Apache Software Foundation - Apache Derby - 10.11.1.2 - (1629631): instance a816c00e-0159-2873-f2a0-ffff98578399 
on database directory C:\Users\NoneDark\Documents\NetBeansProjects\DocAccess\docaccess_db with class loader sun.misc.Launcher$AppClassLoader@6f94fa3e 
Loaded from file:/C:/Program%20Files/Java/jdk1.8.0_112/db/lib/derby.jar
java.vendor=Oracle Corporation
java.runtime.version=1.8.0_112-b15
user.dir=C:\Program Files\Java\jdk1.8.0_112\db
os.name=Windows 10
os.arch=amd64
os.version=10.0
derby.system.home=C:\Users\NoneDark\Documents\NetBeansProjects\DocAccess
Database Class Loader started - derby.database.classpath=''
----------------------------------------------------------------
Fri Dec 23 00:58:54 MSK 2016: Shutting down Derby engine
----------------------------------------------------------------
Fri Dec 23 00:58:54 MSK 2016:
Shutting down instance a816c00e-0159-2873-f2a0-ffff98578399 on database directory C:\Users\NoneDark\Documents\NetBeansProjects\DocAccess\docaccess_db with class loader sun.misc.Launcher$AppClassLoader@6f94fa3e 
----------------------------------------------------------------
